Using pre-set license

 COMMAND LINE ARGUMENTS:
/Applications/Unity/Hub/Editor/2020.3.0f1/Unity.app/Contents/MacOS/Unity
-adb2
-batchMode
-noUpm
-name
AssetImportWorker0
-projectPath
/Users/liamtreanor/Desktop/Unity_Kayra/Kayra_1
-logFile
Logs/AssetImportWorker0.log
-srvPort
60922
Successfully changed project path to: /Users/liamtreanor/Desktop/Unity_Kayra/Kayra_1
/Users/liamtreanor/Desktop/Unity_Kayra/Kayra_1
Using Asset Import Pipeline V2.
Assertion failed on expression: 'res'

Unknown error occurred while loading 'ProjectSettings/InputManager.asset'.

Assertion failed on expression: 'res'

Assertion failed on expression: 'res'

Assertion failed on expression: 'res'

Unknown error occurred while loading 'ProjectSettings/DynamicsManager.asset'.

Assertion failed on expression: 'res'

Assertion failed on expression: 'res'

Assertion failed on expression: 'res'

Unknown error occurred while loading 'Library/AnnotationManager'.

Assertion failed on expression: 'res'

Assertion failed on expression: 'res'

Assertion failed on expression: 'res'

Unknown error occurred while loading 'UserSettings/EditorUserSettings.asset'.

Assertion failed on expression: 'res'

Assertion failed on expression: 'res'

Assertion failed on expression: 'res'

Failed to load '/Users/liamtreanor/Desktop/Unity_Kayra/Kayra_1/Library/Artifacts/97/9759316ec6f03731c19ce3c74c0c635c'. File may be corrupted or was serialized with a newer version of Unity.

Refreshing native plugins compatible for Editor in 891.43 ms, found 1 plugins.
Preloading 0 native plugins for Editor in 0.00 ms.
Initialize engine version: 2020.3.0f1 (c7b5465681fb)
[Subsystems] Discovering subsystems at path /Applications/Unity/Hub/Editor/2020.3.0f1/Unity.app/Contents/Resources/UnitySubsystems
[Subsystems] Discovering subsystems at path /Users/liamtreanor/Desktop/Unity_Kayra/Kayra_1/Assets
GfxDevice: creating device client; threaded=0
2025-03-04 13:30:50.211 Unity[34309:13847747] (null) preferred device: Apple M2 (high power)
2025-03-04 13:30:50.211 Unity[34309:13847747] Metal devices available: 1
2025-03-04 13:30:50.211 Unity[34309:13847747] 0: Apple M2 (high power)
2025-03-04 13:30:50.212 Unity[34309:13847747] Using device Apple M2 (high power)
Initializing Metal device caps: Apple M2
Initialize mono
Mono path[0] = '/Applications/Unity/Hub/Editor/2020.3.0f1/Unity.app/Contents/Managed'
Mono path[1] = '/Applications/Unity/Hub/Editor/2020.3.0f1/Unity.app/Contents/MonoBleedingEdge/lib/mono/unityjit'
Mono config path = '/Applications/Unity/Hub/Editor/2020.3.0f1/Unity.app/Contents/MonoBleedingEdge/etc'
Using monoOptions --debugger-agent=transport=dt_socket,embedding=1,server=y,suspend=n,address=127.0.0.1:56309
Begin MonoManager ReloadAssembly
Registering precompiled unity dll's ...
Register platform support module: /Applications/Unity/Hub/Editor/2020.3.0f1/Unity.app/Contents/PlaybackEngines/MacStandaloneSupport/UnityEditor.OSXStandalone.Extensions.dll
Registered in 0.001000 seconds.
Native extension for OSXStandalone target not found
Assertion failed on expression: 'res'

Unknown error occurred while loading 'Library/Artifacts/97/9759316ec6f03731c19ce3c74c0c635c'.

Refreshing native plugins compatible for Editor in 637.65 ms, found 1 plugins.
Preloading 0 native plugins for Editor in 0.00 ms.
Invoked RoslynAnalysisRunner static constructor.
RoslynAnalysisRunner will not be running.
RoslynAnalysisRunner has terminated.
Mono: successfully reloaded assembly
Assertion failed on expression: 'res'

- Completed reload, in  3.249 seconds
Platform modules already initialized, skipping
Registering precompiled user dll's ...
Registered in 0.002089 seconds.
Required property 'name' not set (Packages/com.unity.ide.vscode/Editor/Unity.com.unity.vscode.Editor.asmdef)

Required property 'name' not set (Packages/com.unity.timeline/Editor/Unity.Timeline.Editor.asmdef)

Required property 'name' not set (Packages/com.unity.textmeshpro/Tests/Editor/Unity.TextMeshPro.Editor.Tests.asmdef)

Required property 'name' not set (Packages/com.unity.collab-proxy/Tests/Editor/Unity.CollabProxy.EditorTests.asmdef)

Assertion failed on expression: 'res'

Unknown error occurred while loading 'Library/Artifacts/55/55d7ecbc2558647e4d07658e9f35084d'.

Assertion failed on expression: 'res'

Unknown error occurred while loading 'Library/Artifacts/17/176101444dc22ba2abd4706850a7ede6'.

Assertion failed on expression: 'res'

Unknown error occurred while loading 'Library/Artifacts/5b/5bbbf2bd0096b10d7b1141a9bfd3a57c'.

Assertion failed on expression: 'res'

Unknown error occurred while loading 'Library/Artifacts/84/84d85c90bca0fe2db95c5f6bfa208ff4'.

Assertion failed on expression: 'res'

Unknown error occurred while loading 'Library/Artifacts/b4/b466d378d2eec5c208bcf0761cb0cb88'.

Assertion failed on expression: 'res'

Unknown error occurred while loading 'Library/Artifacts/c3/c3b8573f7f6207eabcb2338043e457bf'.

Assertion failed on expression: 'res'

Unknown error occurred while loading 'Library/Artifacts/f8/f8a0a6d3b39837ed1a8ce31749666277'.

Assertion failed on expression: 'res'

Unknown error occurred while loading 'Library/Artifacts/1e/1ec684af4eb2b32048c5503de05e66b4'.

Assertion failed on expression: 'res'

Unknown error occurred while loading 'Library/Artifacts/9b/9bfb39e2c789f94cd6f4fedabc5e74dc'.

Assertion failed on expression: 'res'

Unknown error occurred while loading 'Library/Artifacts/8d/8df468b0846afe37877958ee3a274906'.

Assertion failed on expression: 'res'

Unknown error occurred while loading 'Library/Artifacts/a0/a016e982ba4c72e166815a3ef162f2fd'.

Assertion failed on expression: 'res'

Unknown error occurred while loading 'Library/Artifacts/76/76c04c34dd6ac035be479e0c2f6fae85'.

Assertion failed on expression: 'res'

Unknown error occurred while loading 'Library/Artifacts/78/78a0e9fef88f47055fb5ac15bea05bb6'.

Assertion failed on expression: 'res'

Unknown error occurred while loading 'Library/Artifacts/97/97324d41b8e2c40283f6965d1597b5b0'.

Assertion failed on expression: 'res'

Unknown error occurred while loading 'Library/Artifacts/39/39acb796c19506a8b9f70e679e8daf4c'.

Assertion failed on expression: 'res'

Unknown error occurred while loading 'Library/Artifacts/79/794ca28acf39a7b4b2db49153d40b14c'.

Assertion failed on expression: 'res'

Unknown error occurred while loading 'Library/Artifacts/eb/eb3d5128f8aa60fbe6441b0cddb37826'.

Assertion failed on expression: 'res'

Unknown error occurred while loading 'Library/Artifacts/79/790c33dfea26ff5640748964ffba8f29'.

Assertion failed on expression: 'res'

Unknown error occurred while loading 'Library/Artifacts/e1/e10a0e7631ac52e6b595b617951d44ea'.

Assertion failed on expression: 'res'

Unknown error occurred while loading 'Library/Artifacts/32/32e06c823d948f38e89c59e274886fb8'.

Assertion failed on expression: 'res'

Unknown error occurred while loading 'Library/Artifacts/ca/cac13fabd91849b9233bf8ed84958f2a'.

Assertion failed on expression: 'res'

Unknown error occurred while loading 'Library/Artifacts/a1/a1f0d3a0aae1bb436c9e2c1654d6b5f7'.

Assertion failed on expression: 'res'

Unknown error occurred while loading 'Library/Artifacts/a7/a7c9fc4079ddc8462d4a95412b36bc52'.

Assertion failed on expression: 'res'

Unknown error occurred while loading 'Library/Artifacts/56/561168b96db366c73fa56d957139eb06'.

Assertion failed on expression: 'res'

Unknown error occurred while loading 'Library/Artifacts/a1/a17eed499adf4afaa0ff865e94cef0b9'.

Assertion failed on expression: 'res'

Unknown error occurred while loading 'Library/Artifacts/b5/b589285828a12f8d2f6d54a4ff841919'.

Assertion failed on expression: 'res'

Unknown error occurred while loading 'Library/Artifacts/7a/7abe1847c7e292b45877c027d42eb166'.

Assertion failed on expression: 'res'

Unknown error occurred while loading 'Library/Artifacts/b0/b08b2cbc0de36326950575610d99171a'.

Assertion failed on expression: 'res'

Unknown error occurred while loading 'Library/Artifacts/94/944584b875f87bf27d189a03fc342df1'.

Assertion failed on expression: 'res'

Unknown error occurred while loading 'Library/Artifacts/9f/9fa4166454ee2564aeda895bf37622f3'.

Assertion failed on expression: 'res'

Unknown error occurred while loading 'Library/Artifacts/cd/cdadcd9398290a7bf022d4e2cb31089d'.

Assertion failed on expression: 'res'

Unknown error occurred while loading 'Library/Artifacts/0d/0d0469bae6a8a62700f7f347c8f46a9a'.

Assertion failed on expression: 'res'

Unknown error occurred while loading 'Library/Artifacts/c7/c7b1bbe14e7c61cfc82bd3de00748001'.

Assertion failed on expression: 'res'

Unknown error occurred while loading 'Library/Artifacts/a0/a01d26d85852407688dbfe831d09eb20'.

Assertion failed on expression: 'res'

Unknown error occurred while loading 'Library/Artifacts/f4/f41209761e7758e484b0cb7423e4a3e3'.

Assertion failed on expression: 'res'

Unknown error occurred while loading 'Library/Artifacts/e8/e87067f780a56bcdd78cdd8cf5cb4179'.

Assertion failed on expression: 'res'

Unknown error occurred while loading 'Library/Artifacts/46/466cb618297ed9f702e1d8996b0d7c8d'.

Assertion failed on expression: 'res'

Unknown error occurred while loading 'Library/Artifacts/47/472ec83242920e7ffa87f30e74271e4a'.

Assertion failed on expression: 'res'

Unknown error occurred while loading 'Library/Artifacts/28/283ad97a6a72cb1762f97a84750b9f71'.

Assertion failed on expression: 'res'

Unknown error occurred while loading 'Library/Artifacts/9f/9f2ec33d1853a76be0a99676dd7fa166'.

Assertion failed on expression: 'res'

Unknown error occurred while loading 'Library/Artifacts/cf/cf4e3ac83fb236eb5dd94e9e85de5ed3'.

Assertion failed on expression: 'res'

Unknown error occurred while loading 'Library/Artifacts/55/55f30b930320f6dab8cf004ba04b18e2'.

Assertion failed on expression: 'res'

Unknown error occurred while loading 'Library/Artifacts/8b/8b40a1d7e0547a3e9955da8c8df5355c'.

Assertion failed on expression: 'res'

Unknown error occurred while loading 'Library/Artifacts/2f/2fc283bafa95263659ac150d82c15089'.

Assertion failed on expression: 'res'

Unknown error occurred while loading 'Library/Artifacts/cd/cd8497ed1a0e2f1e75bd96ea68baeb3e'.

Assertion failed on expression: 'res'

Unknown error occurred while loading 'Library/Artifacts/56/56052395a6fd73682f71f1083d6ab6f2'.

Assertion failed on expression: 'res'

Unknown error occurred while loading 'Library/Artifacts/88/887c1f18bcabec4c151a1754cfc157c3'.

Assertion failed on expression: 'res'

Unknown error occurred while loading 'Library/Artifacts/a7/a78a9fb3c5a3fe978845e92b4c666774'.

Assertion failed on expression: 'res'

Unknown error occurred while loading 'Library/Artifacts/c0/c077ab2c52e3b4c923812b107f7ee606'.

Assertion failed on expression: 'res'

Unknown error occurred while loading 'Library/Artifacts/60/60f42d70f52b0b0ab9253b46cd5ee18b'.

Assertion failed on expression: 'res'

Unknown error occurred while loading 'Library/Artifacts/6b/6ba7b21314e6ce6f42c1322cbbd3fd01'.

Assertion failed on expression: 'res'

Unknown error occurred while loading 'Library/Artifacts/73/736a1076e5160763ee31433f1d959793'.

Assertion failed on expression: 'res'

Unknown error occurred while loading 'Library/Artifacts/f7/f74fc14e3a33d3983910e5d532cfb2af'.

Assertion failed on expression: 'res'

Unknown error occurred while loading 'Library/Artifacts/44/44eda0e1188771fece8ab9ff1b768dec'.

Assertion failed on expression: 'res'

Unknown error occurred while loading 'Library/Artifacts/f7/f7d1c7bb514071206cfc5b7acc09cb0f'.

Assertion failed on expression: 'res'

Unknown error occurred while loading 'Library/Artifacts/80/80fc81d42b09ff64047dfb68ed5542ed'.

Assertion failed on expression: 'res'

Unknown error occurred while loading 'Library/Artifacts/87/87c11036288caf6d291a5df6a1115c3d'.

Assertion failed on expression: 'res'

Unknown error occurred while loading 'Library/Artifacts/d9/d9f48d90913b676e21b4b0a4ab0ee20a'.

Assertion failed on expression: 'res'

Unknown error occurred while loading 'Library/Artifacts/71/710acd78177e79fb848ee439f65b177a'.

Assertion failed on expression: 'res'

Unknown error occurred while loading 'Library/Artifacts/99/992b4fe814a845dd0a23891e83e95a26'.

Assertion failed on expression: 'res'

Unknown error occurred while loading 'Library/Artifacts/26/2628d66addade7211e6ffd2d9721ff27'.

Assertion failed on expression: 'res'

Unknown error occurred while loading 'Library/Artifacts/2c/2c9ad09aabeccb427253b2027a8dd944'.

Assertion failed on expression: 'res'

Unknown error occurred while loading 'Library/Artifacts/f8/f86525681fba4b0d928baebace776132'.

Assertion failed on expression: 'res'

Unknown error occurred while loading 'Library/Artifacts/a9/a9c4354dbc704a48ad30f3bcfbcac047'.

Assertion failed on expression: 'res'

Unknown error occurred while loading 'Library/Artifacts/e3/e3302a47ef93b3c30ba5c6da01bd4070'.

Assertion failed on expression: 'res'

Unknown error occurred while loading 'Library/Artifacts/80/80622a5192579615d83105ba744d4385'.

Assertion failed on expression: 'res'

Unknown error occurred while loading 'Library/Artifacts/a5/a5950c5796e1fb689eced50651deac4d'.

Assertion failed on expression: 'res'

Unknown error occurred while loading 'Library/Artifacts/99/990844268bfc6024510451d49cca2dba'.

Assertion failed on expression: 'res'

Unknown error occurred while loading 'Library/Artifacts/62/6246631d905bad54156fa2886cbceb5d'.

Assertion failed on expression: 'res'

Unknown error occurred while loading 'Library/Artifacts/74/7414ba9a9bac50f978c547ebaf8f014c'.

Assertion failed on expression: 'res'

Unknown error occurred while loading 'Library/Artifacts/6b/6b3d8320a5a4938cbf58865346194a31'.

Assertion failed on expression: 'res'

Unknown error occurred while loading 'Library/Artifacts/e4/e456ad2f1198486505b0c0409f1f16a2'.

Assertion failed on expression: 'res'

Unknown error occurred while loading 'Library/Artifacts/cc/cc111c28086df096d5dcaf68fba60dac'.

Assertion failed on expression: 'res'

Unknown error occurred while loading 'Library/Artifacts/4e/4e1a2b273b997e2d52bda4b9aced58a0'.

Assertion failed on expression: 'res'

Unknown error occurred while loading 'Library/Artifacts/07/078a7d5ce80f451079cca3af85627eee'.

Assertion failed on expression: 'res'

Unknown error occurred while loading 'Library/Artifacts/5f/5f9bdbd65959ccf5d83af9a3ff64f294'.

Assertion failed on expression: 'res'

Unknown error occurred while loading 'Library/Artifacts/b3/b32520ed1034eaaef67fe6174ef94c0b'.

Assertion failed on expression: 'res'

Unknown error occurred while loading 'Library/Artifacts/5c/5ce4e31ab59d6a913e3a080265d7c4fd'.

Assertion failed on expression: 'res'

Unknown error occurred while loading 'Library/Artifacts/86/869ab3e175b46465b16b4b4f8a3431cf'.

Assertion failed on expression: 'res'

Unknown error occurred while loading 'Library/Artifacts/91/9153bf86ddda0fb084c1da53636381d6'.

Assertion failed on expression: 'res'

Unknown error occurred while loading 'Library/Artifacts/5b/5b38a93a796fb5dde893d79850dc3920'.

Assertion failed on expression: 'res'

Unknown error occurred while loading 'Library/Artifacts/26/26015668aca4918abcc62083cadb7cfa'.

Assertion failed on expression: 'res'

Unknown error occurred while loading 'Library/Artifacts/7a/7af92adda80bf6d129f3b10332ac6ba9'.

Assertion failed on expression: 'res'

Unknown error occurred while loading 'Library/Artifacts/4c/4c8e96eedc12c7f9ced4111715cb6a4a'.

Assertion failed on expression: 'res'

Unknown error occurred while loading 'Library/Artifacts/29/299fdb61b91e0f072932566a124b7a36'.

Assertion failed on expression: 'res'

Unknown error occurred while loading 'Library/Artifacts/74/7425f5dba1a6ed5ad62e2bd7d5358287'.

Assertion failed on expression: 'res'

Unknown error occurred while loading 'Library/Artifacts/e8/e84e09866380bc06fdec51e7793b8406'.

Assertion failed on expression: 'res'

Unknown error occurred while loading 'Library/Artifacts/c6/c67046dceac081ac4ab997defa2ff3b7'.

Assertion failed on expression: 'res'

Unknown error occurred while loading 'Library/Artifacts/b8/b81e3d2674ccafddac1188c364a4aec2'.

Assertion failed on expression: 'res'

Unknown error occurred while loading 'Library/Artifacts/dd/dd9bf58d6b015292882fb63516884385'.

Assertion failed on expression: 'res'

Unknown error occurred while loading 'Library/Artifacts/c1/c1c55aa73fd54b86c5300874a8a1bd87'.

Assertion failed on expression: 'res'

Unknown error occurred while loading 'Library/Artifacts/d5/d5c04997e4b92d4b5de207f2ca7c3e8e'.

Assertion failed on expression: 'res'

Unknown error occurred while loading 'Library/Artifacts/fd/fd91309b8d3115f753d67eb80ad591e9'.

Assertion failed on expression: 'res'

Unknown error occurred while loading 'Library/Artifacts/b8/b8b37f3b238b71cfd543fdd633fdb497'.

Assertion failed on expression: 'res'

Unknown error occurred while loading 'Library/Artifacts/0d/0dd061649b1fdd890c59a93b0c140a12'.

Assertion failed on expression: 'res'

Unknown error occurred while loading 'Library/Artifacts/f3/f3f5ba869776e43ba3166999520a27ab'.

Assertion failed on expression: 'res'

Unknown error occurred while loading 'Library/Artifacts/f4/f42070619e92a7a967d586ee74b26347'.

Assertion failed on expression: 'res'

Unknown error occurred while loading 'Library/Artifacts/00/005c3b092d0c3b7a677e44b9408dbb77'.

Assertion failed on expression: 'res'

Unknown error occurred while loading 'Library/Artifacts/9e/9e20436077284662cd9fea239f5a0e04'.

Assertion failed on expression: 'res'

Unknown error occurred while loading 'Library/Artifacts/f8/f87856c227492f2b7ae393ea3ebd8384'.

Assertion failed on expression: 'res'

Unknown error occurred while loading 'Library/Artifacts/e6/e653800bebf71caeb1ffe5b0ff8ac99d'.

Assertion failed on expression: 'res'

Unknown error occurred while loading 'Library/Artifacts/b1/b1daa3e76986be9d14ab8fad3fab630c'.

Assertion failed on expression: 'res'

Unknown error occurred while loading 'Library/Artifacts/87/8763827213864062c5965cd1ce794cd7'.

Assertion failed on expression: 'res'

Unknown error occurred while loading 'Library/Artifacts/44/44d17fb4f59a4d8c171d23cc741dff14'.

Assertion failed on expression: 'res'

Unknown error occurred while loading 'Library/Artifacts/3b/3b779deb3248de17f0794eff45b38a38'.

Assertion failed on expression: 'res'

Unknown error occurred while loading 'Library/Artifacts/ed/ed6a2962a6489eec43c16e6da4f0c92e'.

Assertion failed on expression: 'res'

Unknown error occurred while loading 'Library/Artifacts/f4/f4b6aa12a427b157cb25624bb59335ac'.

Assertion failed on expression: 'res'

Unknown error occurred while loading 'Library/Artifacts/c8/c8db22bdb411648f13f057f1404377fe'.

Assertion failed on expression: 'res'

Unknown error occurred while loading 'Library/Artifacts/fb/fb8dd6c3c22bcafe0df535e4380de85b'.

Assertion failed on expression: 'res'

Unknown error occurred while loading 'Library/Artifacts/0a/0aaa4d5628c801db7808e6215309561c'.

Assertion failed on expression: 'res'

Unknown error occurred while loading 'Library/Artifacts/1d/1d2657c2bd6d18aa0dc410ef35415939'.

Assertion failed on expression: 'res'

Unknown error occurred while loading 'Library/Artifacts/15/15085968591c01c4fac40ea0f7d01f8d'.

Assertion failed on expression: 'res'

Unknown error occurred while loading 'Library/Artifacts/06/068d1e0724bfd8f800ec7c75c0315764'.

Assertion failed on expression: 'res'

Unknown error occurred while loading 'Library/Artifacts/74/747c06510e120aada758c9ee304657ea'.

Assertion failed on expression: 'res'

Unknown error occurred while loading 'Library/Artifacts/b1/b166aa00f9965d046ad9e9cb25d00c22'.

Assertion failed on expression: 'res'

Unknown error occurred while loading 'Library/Artifacts/fc/fc86cf3759e25507dd7746d477e804af'.

Assertion failed on expression: 'res'

Unknown error occurred while loading 'Library/Artifacts/54/5411d66e6846855808a11dac2dba621f'.

Assertion failed on expression: 'res'

Unknown error occurred while loading 'Library/Artifacts/9a/9add3f7006ddc78afd828b5641f4cff2'.

Assertion failed on expression: 'res'

Unknown error occurred while loading 'Library/Artifacts/93/9325ec7e697f38e62129aa7231aadc26'.

Assertion failed on expression: 'res'

Unknown error occurred while loading 'Library/Artifacts/a2/a247b47b8981bebbd9f1940a99cd2799'.

Assertion failed on expression: 'res'

Unknown error occurred while loading 'Library/Artifacts/8e/8e9fe2f3188129d0ffa0769bce7688f4'.

Assertion failed on expression: 'res'

Unknown error occurred while loading 'Library/Artifacts/dd/ddc7331f7b9e08b7685f72d634041821'.

Assertion failed on expression: 'res'

Unknown error occurred while loading 'Library/Artifacts/2b/2b06da4fe5aed98e2aec78fb4a82dff6'.

Assertion failed on expression: 'res'

Unknown error occurred while loading 'Library/Artifacts/8c/8ca11492b90c1338d19ca5ca5dc75622'.

Assertion failed on expression: 'res'

Unknown error occurred while loading 'Library/Artifacts/37/3720944ceb1c77fbb891015a2e54d77e'.

Assertion failed on expression: 'res'

Unknown error occurred while loading 'Library/Artifacts/1d/1db6261a421e78edd106ff7fe21f9de2'.

Assertion failed on expression: 'res'

Unknown error occurred while loading 'Library/Artifacts/2a/2a014de59be8aa13cf40940891ca5dad'.

Assertion failed on expression: 'res'

Unknown error occurred while loading 'Library/Artifacts/07/072d2b1fec6f9d7df3bd35c764ce92b6'.

Assertion failed on expression: 'res'

Unknown error occurred while loading 'Library/Artifacts/05/05a5eeae018f568bb1765e8d10dde4d6'.

Assertion failed on expression: 'res'

Unknown error occurred while loading 'Library/Artifacts/06/06c828c150bacd8b17fe4e807fd01487'.

Assertion failed on expression: 'res'

Unknown error occurred while loading 'Library/Artifacts/d9/d9cebebaba381113772640e1e9f8524d'.

Assertion failed on expression: 'res'

Unknown error occurred while loading 'Library/Artifacts/c3/c390f89de48140c8d37063f112426355'.

Assertion failed on expression: 'res'

Unknown error occurred while loading 'Library/Artifacts/1c/1c3c452a367ee73ed51ce6e4f9ce8d23'.

Assertion failed on expression: 'res'

Unknown error occurred while loading 'Library/Artifacts/b4/b4d344e8e4fe48fdfb9a5adbfea94a5c'.

Assertion failed on expression: 'res'

Unknown error occurred while loading 'Library/Artifacts/0f/0fe01eb438c8f3f6ae74076a24c3b75e'.

Assertion failed on expression: 'res'

Unknown error occurred while loading 'Library/Artifacts/07/0745b6a2655834faa3f960aa495c2d72'.

Assertion failed on expression: 'res'

Unknown error occurred while loading 'Library/Artifacts/b1/b1e9b813898dba0c53bb278f082eabca'.

Assertion failed on expression: 'res'

Unknown error occurred while loading 'Library/Artifacts/78/787929b13dc2d8671e40b74b7bb18b61'.

Assertion failed on expression: 'res'

Unknown error occurred while loading 'Library/Artifacts/43/43ab5c12f061b6ea2ea8da5908d3497e'.

Assertion failed on expression: 'res'

Unknown error occurred while loading 'Library/Artifacts/43/436cc66c79ec57c7456487153a88ef10'.

Assertion failed on expression: 'res'

Unknown error occurred while loading 'Library/Artifacts/37/37037f984149e4689473467c48184a94'.

Assertion failed on expression: 'res'

Unknown error occurred while loading 'Library/Artifacts/4a/4a000a3b12c1f3ea993752f73d23bfd2'.

Assertion failed on expression: 'res'

Unknown error occurred while loading 'Library/Artifacts/79/79cdc80e8ea2a7935af2283074f8a5cc'.

Assertion failed on expression: 'res'

Unknown error occurred while loading 'Library/Artifacts/a7/a71d3dc34d87a0c7360cefee1a813e28'.

Assertion failed on expression: 'res'

Unknown error occurred while loading 'Library/Artifacts/2e/2e83b4d858645746855cc6c2c188b569'.

Assertion failed on expression: 'res'

Unknown error occurred while loading 'Library/Artifacts/ff/ff7fb38c846945a2ac6499f9deb1debe'.

Assertion failed on expression: 'res'

Unknown error occurred while loading 'Library/Artifacts/a7/a78a4c44ab82e1d0712f8a8946416d8f'.

Assertion failed on expression: 'res'

Unknown error occurred while loading 'Library/Artifacts/66/66f7247c5d6fd8a216bafa1064706914'.

Assertion failed on expression: 'res'

Unknown error occurred while loading 'Library/Artifacts/8e/8ee68d2cab7b8c45eec645b2898ce1c9'.

Assertion failed on expression: 'res'

Unknown error occurred while loading 'Library/Artifacts/4a/4aa11cc49085aa0aeda523938f13861a'.

Assertion failed on expression: 'res'

Unknown error occurred while loading 'Library/Artifacts/1c/1c01977ce392f39aed218fc0fe5c327f'.

Assertion failed on expression: 'res'

Unknown error occurred while loading 'Library/Artifacts/0d/0d4dd1ff4f317a9d024794441f79ec0e'.

Assertion failed on expression: 'res'

Unknown error occurred while loading 'Library/Artifacts/19/197ef682513594090f922b2d205a0dc8'.

Assertion failed on expression: 'res'

Unknown error occurred while loading 'Library/Artifacts/31/31f456c7d8d08847ff497a577be7b93c'.

Assertion failed on expression: 'res'

Unknown error occurred while loading 'Library/Artifacts/45/45c5f304fa9f35cd80c9ea95776405fb'.

Assertion failed on expression: 'res'

Unknown error occurred while loading 'Library/Artifacts/42/421aebc6bf8a58b2b07ce07ae691cf68'.

